Using pre-set license
Built from '2021.1/staging' branch; Version is '2021.1.7f1 (d91830b65d9b) revision 14227504'; Using compiler version '192528614'; Build Type 'Release'
OS: 'Windows 10 Pro; OS build 19042.985; Version 2009; 64bit' Language: 'es' Physical Memory: 16315 MB
BatchMode: 1, IsHumanControllingUs: 0, StartBugReporterOnCrash: 0, Is64bit: 1, IsPro: 0

 COMMAND LINE ARGUMENTS:
C:\Program Files\Unity\Hub\Editor\2021.1.7f1\Editor\Unity.exe
-adb2
-batchMode
-noUpm
-name
AssetImportWorker0
-projectPath
C:/Users/Luana/Desktop/wii/Prom2-Men-principal
-logFile
Logs/AssetImportWorker0.log
-srvPort
57641
Successfully changed project path to: C:/Users/Luana/Desktop/wii/Prom2-Men-principal
C:/Users/Luana/Desktop/wii/Prom2-Men-principal
Using Asset Import Pipeline V2.
Refreshing native plugins compatible for Editor in 68.48 ms, found 1 plugins.
Preloading 0 native plugins for Editor in 0.00 ms.
Initialize engine version: 2021.1.7f1 (d91830b65d9b)
[Subsystems] Discovering subsystems at path C:/Program Files/Unity/Hub/Editor/2021.1.7f1/Editor/Data/Resources/UnitySubsystems
[Subsystems] Discovering subsystems at path C:/Users/Luana/Desktop/wii/Prom2-Men-principal/Assets
GfxDevice: creating device client; threaded=0; jobified=0
Direct3D:
    Version:  Direct3D 11.0 [level 11.1]
    Renderer: NVIDIA GeForce GTX 1060 6GB (ID=0x1c03)
    Vendor:   NVIDIA
    VRAM:     6052 MB
    Driver:   27.21.14.6647
Initialize mono
Mono path[0] = 'C:/Program Files/Unity/Hub/Editor/2021.1.7f1/Editor/Data/Managed'
Mono path[1] = 'C:/Program Files/Unity/Hub/Editor/2021.1.7f1/Editor/Data/MonoBleedingEdge/lib/mono/unityjit'
Mono config path = 'C:/Program Files/Unity/Hub/Editor/2021.1.7f1/Editor/Data/MonoBleedingEdge/etc'
Using monoOptions --debugger-agent=transport=dt_socket,embedding=1,server=y,suspend=n,address=127.0.0.1:56412
Begin MonoManager ReloadAssembly
Registering precompiled unity dll's ...
Register platform support module: C:/Program Files/Unity/Hub/Editor/2021.1.7f1/Editor/Data/PlaybackEngines/WindowsStandaloneSupport/UnityEditor.WindowsStandalone.Extensions.dll
Registered in 0.001646 seconds.
Native extension for WindowsStandalone target not found
Refreshing native plugins compatible for Editor in 78.53 ms, found 1 plugins.
Preloading 0 native plugins for Editor in 0.00 ms.
Mono: successfully reloaded assembly
- Completed reload, in  1.035 seconds
Platform modules already initialized, skipping
Registering precompiled user dll's ...
Registered in 0.002082 seconds.
Begin MonoManager ReloadAssembly
Native extension for WindowsStandalone target not found
Refreshing native plugins compatible for Editor in 0.82 ms, found 1 plugins.
Preloading 0 native plugins for Editor in 0.00 ms.
Mono: successfully reloaded assembly
- Completed reload, in  0.822 seconds
Platform modules already initialized, skipping
========================================================================
Worker process is ready to serve import requests
Launched and connected shader compiler UnityShaderCompiler.exe after 0.05 seconds
Refreshing native plugins compatible for Editor in 1.65 ms, found 1 plugins.
Preloading 0 native plugins for Editor in 0.00 ms.
Unloading 2670 Unused Serialized files (Serialized files now loaded: 0)
System memory in use before: 98.1 MB.
System memory in use after: 98.3 MB.

Unloading 13 unused Assets to reduce memory usage. Loaded Objects now: 3124.
Total: 1.930200 ms (FindLiveObjects: 0.289900 ms CreateObjectMapping: 0.072700 ms MarkObjects: 1.514700 ms  DeleteObjects: 0.051700 ms)

========================================================================
Received Import Request.
  path: Assets/Scripts
  artifactKey: Guid(1b35096e7c370094d88ab10aa8689082) Importer(815301076,1909f56bfc062723c751e8b465ee728b)
Start importing Assets/Scripts using Guid(1b35096e7c370094d88ab10aa8689082) Importer(815301076,1909f56bfc062723c751e8b465ee728b)  -> (artifact id: '2773a20fc54e9fddfaf3bf0081b0c4d8') in 0.013725 seconds 
========================================================================
Received Import Request.
  Time since last request: 1.270334 seconds.
  path: Assets/Scripts/ControladorBotones.cs
  artifactKey: Guid(18e759333503e864c84ac0deac97e564) Importer(815301076,1909f56bfc062723c751e8b465ee728b)
Start importing Assets/Scripts/ControladorBotones.cs using Guid(18e759333503e864c84ac0deac97e564) Importer(815301076,1909f56bfc062723c751e8b465ee728b)  -> (artifact id: '3f1298689dfc3d669705f2a857f309e6') in 0.028589 seconds 
========================================================================
Received Import Request.
  Time since last request: 1.563791 seconds.
  path: Assets/Scripts/ControladorReturn.cs
  artifactKey: Guid(5614cc1bff0628345aa7144286480a99) Importer(815301076,1909f56bfc062723c751e8b465ee728b)
Start importing Assets/Scripts/ControladorReturn.cs using Guid(5614cc1bff0628345aa7144286480a99) Importer(815301076,1909f56bfc062723c751e8b465ee728b)  -> (artifact id: 'da52dd40749ca8a5948a9879dd71e137') in 0.006532 seconds 
========================================================================
Received Import Request.
  Time since last request: 1.571595 seconds.
  path: Assets/Scripts/ControladorMenu.cs
  artifactKey: Guid(7363f18c1a9b9a241a8b9a6e7746a14d) Importer(815301076,1909f56bfc062723c751e8b465ee728b)
Start importing Assets/Scripts/ControladorMenu.cs using Guid(7363f18c1a9b9a241a8b9a6e7746a14d) Importer(815301076,1909f56bfc062723c751e8b465ee728b)  -> (artifact id: '640414eadbd69ddc56fe7814a6bfd4ac') in 0.007266 seconds 
========================================================================
Received Prepare
Registering precompiled user dll's ...
Registered in 0.002187 seconds.
Begin MonoManager ReloadAssembly
Native extension for WindowsStandalone target not found
Refreshing native plugins compatible for Editor in 0.54 ms, found 1 plugins.
Preloading 0 native plugins for Editor in 0.00 ms.
Mono: successfully reloaded assembly
- Completed reload, in  0.797 seconds
Platform modules already initialized, skipping
Refreshing native plugins compatible for Editor in 0.46 ms, found 1 plugins.
Preloading 0 native plugins for Editor in 0.00 ms.
Unloading 2664 Unused Serialized files (Serialized files now loaded: 0)
System memory in use before: 98.0 MB.
System memory in use after: 98.2 MB.

Unloading 8 unused Assets to reduce memory usage. Loaded Objects now: 3127.
Total: 1.969800 ms (FindLiveObjects: 0.232400 ms CreateObjectMapping: 0.060400 ms MarkObjects: 1.652400 ms  DeleteObjects: 0.023100 ms)

