Using pre-set license
Built from '2021.1/staging' branch; Version is '2021.1.2f1 (e5d502d80fbb) revision 15062274'; Using compiler version '192528614'; Build Type 'Release'
OS: 'Windows 10 Pro; OS build 19042.985; Version 2009; 64bit' Language: 'es' Physical Memory: 8190 MB
BatchMode: 1, IsHumanControllingUs: 0, StartBugReporterOnCrash: 0, Is64bit: 1, IsPro: 0

 COMMAND LINE ARGUMENTS:
D:\Unity\2021.1.2f1\Editor\Unity.exe
-adb2
-batchMode
-noUpm
-name
AssetImportWorker1
-projectPath
C:/Users/User/Desktop/Nueva carpeta/Prom2-Men-principal
-logFile
Logs/AssetImportWorker1.log
-srvPort
59650
Successfully changed project path to: C:/Users/User/Desktop/Nueva carpeta/Prom2-Men-principal
C:/Users/User/Desktop/Nueva carpeta/Prom2-Men-principal
Using Asset Import Pipeline V2.
Refreshing native plugins compatible for Editor in 129.86 ms, found 1 plugins.
Preloading 0 native plugins for Editor in 0.00 ms.
Initialize engine version: 2021.1.2f1 (e5d502d80fbb)
[Subsystems] Discovering subsystems at path D:/Unity/2021.1.2f1/Editor/Data/Resources/UnitySubsystems
[Subsystems] Discovering subsystems at path C:/Users/User/Desktop/Nueva carpeta/Prom2-Men-principal/Assets
GfxDevice: creating device client; threaded=0; jobified=0
Direct3D:
    Version:  Direct3D 11.0 [level 11.0]
    Renderer: NVIDIA GeForce GTX 750 Ti (ID=0x1380)
    Vendor:   NVIDIA
    VRAM:     2007 MB
    Driver:   27.21.14.6647
Initialize mono
Mono path[0] = 'D:/Unity/2021.1.2f1/Editor/Data/Managed'
Mono path[1] = 'D:/Unity/2021.1.2f1/Editor/Data/MonoBleedingEdge/lib/mono/unityjit'
Mono config path = 'D:/Unity/2021.1.2f1/Editor/Data/MonoBleedingEdge/etc'
Using monoOptions --debugger-agent=transport=dt_socket,embedding=1,server=y,suspend=n,address=127.0.0.1:56056
Begin MonoManager ReloadAssembly
Registering precompiled unity dll's ...
Register platform support module: D:/Unity/2021.1.2f1/Editor/Data/PlaybackEngines/WebGLSupport/UnityEditor.WebGL.Extensions.dll
Register platform support module: D:/Unity/2021.1.2f1/Editor/Data/PlaybackEngines/WindowsStandaloneSupport/UnityEditor.WindowsStandalone.Extensions.dll
Registered in 0.002272 seconds.
Native extension for WindowsStandalone target not found
Native extension for WebGL target not found
Refreshing native plugins compatible for Editor in 131.67 ms, found 1 plugins.
Preloading 0 native plugins for Editor in 0.00 ms.
Mono: successfully reloaded assembly
- Completed reload, in  1.965 seconds
Platform modules already initialized, skipping
Registering precompiled user dll's ...
Registered in 0.005149 seconds.
Begin MonoManager ReloadAssembly
Native extension for WindowsStandalone target not found
Native extension for WebGL target not found
Refreshing native plugins compatible for Editor in 1.13 ms, found 1 plugins.
Preloading 0 native plugins for Editor in 0.00 ms.
Mono: successfully reloaded assembly
- Completed reload, in  4.761 seconds
Platform modules already initialized, skipping
========================================================================
Worker process is ready to serve import requests
Launched and connected shader compiler UnityShaderCompiler.exe after 0.68 seconds
Refreshing native plugins compatible for Editor in 0.96 ms, found 1 plugins.
Preloading 0 native plugins for Editor in 0.00 ms.
Unloading 2669 Unused Serialized files (Serialized files now loaded: 0)
System memory in use before: 98.1 MB.
System memory in use after: 98.3 MB.

Unloading 14 unused Assets to reduce memory usage. Loaded Objects now: 3122.
Total: 4.856400 ms (FindLiveObjects: 0.730300 ms CreateObjectMapping: 0.194500 ms MarkObjects: 3.829400 ms  DeleteObjects: 0.100200 ms)

========================================================================
Received Import Request.
  path: Assets/Scripts
  artifactKey: Guid(1b35096e7c370094d88ab10aa8689082) Importer(815301076,1909f56bfc062723c751e8b465ee728b)
Start importing Assets/Scripts using Guid(1b35096e7c370094d88ab10aa8689082) Importer(815301076,1909f56bfc062723c751e8b465ee728b)  -> (artifact id: '66c10c50fa5c737e69fd61ffbb6151d6') in 0.018435 seconds 
========================================================================
Received Import Request.
  Time since last request: 0.000261 seconds.
  path: Assets/Scenes
  artifactKey: Guid(90bd1f3756b1e584c87c942763a26e79) Importer(815301076,1909f56bfc062723c751e8b465ee728b)
Start importing Assets/Scenes using Guid(90bd1f3756b1e584c87c942763a26e79) Importer(815301076,1909f56bfc062723c751e8b465ee728b)  -> (artifact id: 'ffff1a77d84012d3b4354697bada0a6a') in 0.018564 seconds 
========================================================================
Received Import Request.
  Time since last request: 523.898226 seconds.
  path: Assets/Scenes/SampleScene.unity
  artifactKey: Guid(9fc0d4010bbf28b4594072e72b8655ab) Importer(815301076,1909f56bfc062723c751e8b465ee728b)
Start importing Assets/Scenes/SampleScene.unity using Guid(9fc0d4010bbf28b4594072e72b8655ab) Importer(815301076,1909f56bfc062723c751e8b465ee728b)  -> (artifact id: '55776865075b31f64c9bb76ad3ee0b75') in 0.032762 seconds 
========================================================================
Received Import Request.
  Time since last request: 91.767223 seconds.
  path: Assets/Scenes/Level Select.unity
  artifactKey: Guid(232f5e15e63b8a84cb327227b179048e) Importer(815301076,1909f56bfc062723c751e8b465ee728b)
Start importing Assets/Scenes/Level Select.unity using Guid(232f5e15e63b8a84cb327227b179048e) Importer(815301076,1909f56bfc062723c751e8b465ee728b)  -> (artifact id: 'f44c3b71392c89d10126f0aa00e04649') in 0.018647 seconds 
========================================================================
Received Import Request.
  Time since last request: 0.275565 seconds.
  path: Assets/Scenes/MainMenu.unity
  artifactKey: Guid(cbd434761af5ae74ebff35e39988597a) Importer(815301076,1909f56bfc062723c751e8b465ee728b)
Start importing Assets/Scenes/MainMenu.unity using Guid(cbd434761af5ae74ebff35e39988597a) Importer(815301076,1909f56bfc062723c751e8b465ee728b)  -> (artifact id: 'fdc8da48d267205db493c821fc89fa62') in 0.015575 seconds 
